2024-07-08T16:13:05.195Z error: Error synchronizing profiles: API Request Failed: Request failed with status code 401
2024-07-08T16:13:11.009Z error: Error synchronizing profiles: API Request Failed: Request failed with status code 401
2024-07-08T16:13:16.546Z error: Error synchronizing profiles: API Request Failed: Request failed with status code 401
2024-07-08T16:13:24.727Z error: Error synchronizing profiles: API Request Failed: Request failed with status code 401
2024-07-08T16:13:25.106Z error: Error synchronizing profiles: API Request Failed: Request failed with status code 401
2024-07-08T16:13:29.944Z error: Error synchronizing profiles: API Request Failed: Request failed with status code 401
2024-07-08T16:14:43.248Z error: Error synchronizing profiles: API Request Failed: Request failed with status code 401
2024-07-08T16:17:51.574Z error: Error processing profile 6342492000000026011: Cannot read properties of undefined (reading 'length')
2024-07-08T16:17:51.578Z error: Error processing profile 6342492000000026014: Cannot read properties of undefined (reading 'length')
2024-07-09T04:05:50.235Z error: Error synchronizing profiles: API Request Failed: Request failed with status code 401
2024-07-09T04:07:18.085Z error: Error synchronizing profiles: API Request Failed: Request failed with status code 401
2024-07-09T04:09:18.502Z error: Error synchronizing profiles: API Request Failed: Request failed with status code 401
2024-07-09T04:10:17.747Z error: Error synchronizing profiles: API Request Failed: Request failed with status code 401
2024-07-09T04:12:40.401Z error: Error synchronizing profiles: API Request Failed: Request failed with status code 401
2024-07-09T04:14:54.765Z error: Error processing profile 6342492000000026011: Cannot read properties of undefined (reading 'length')
2024-07-09T04:14:54.769Z error: Error processing profile 6342492000000026014: Cannot read properties of undefined (reading 'length')
2024-07-09T04:49:53.387Z info: Processing profile: {"display_label":"Administrator","created_time":null,"modified_time":null,"api_name":"Administrator","custom":false,"name":"Administrator","modified_by":null,"description":"This profile will have all the permissions. Users with Administrator profile will be able to view and manage all the data within the organization account by default.","id":"6342492000000026011","type":"normal_profile","created_by":null}
2024-07-09T04:49:53.390Z error: Invalid profile data: {"display_label":"Administrator","created_time":null,"modified_time":null,"api_name":"Administrator","custom":false,"name":"Administrator","modified_by":null,"description":"This profile will have all the permissions. Users with Administrator profile will be able to view and manage all the data within the organization account by default.","id":"6342492000000026011","type":"normal_profile","created_by":null}
2024-07-09T04:49:53.390Z info: Processing profile: {"display_label":"Standard","created_time":null,"modified_time":null,"api_name":"Standard","custom":false,"name":"Standard","modified_by":null,"description":"This profile will have all the permissions except administrative privileges.","id":"6342492000000026014","type":"normal_profile","created_by":null}
2024-07-09T04:49:53.390Z error: Invalid profile data: {"display_label":"Standard","created_time":null,"modified_time":null,"api_name":"Standard","custom":false,"name":"Standard","modified_by":null,"description":"This profile will have all the permissions except administrative privileges.","id":"6342492000000026014","type":"normal_profile","created_by":null}
2024-07-09T04:52:09.412Z error: Error synchronizing profiles: API Request Failed: Request failed with status code 401
2024-07-09T04:53:18.936Z info: Profile already exists: Administrator (ID: 6342492000000026011)
2024-07-09T04:53:18.952Z info: Profile status added: Administrator (ID: 6342492000000026011)
2024-07-09T04:53:18.955Z info: Profile already exists: Standard (ID: 6342492000000026014)
2024-07-09T04:53:18.958Z info: Profile status added: Standard (ID: 6342492000000026014)
2024-07-09T06:49:36.436Z error: Error synchronizing profiles: API Request Failed: Request failed with status code 401
2024-07-09T06:52:30.518Z error: Error synchronizing profiles: API Request Failed: Request failed with status code 401
2024-07-09T06:53:42.168Z error: Error synchronizing profiles: API Request Failed: Request failed with status code 401
2024-07-09T06:54:34.495Z error: Error synchronizing profiles: API Request Failed: Request failed with status code 401
2024-07-09T06:54:52.237Z error: Error synchronizing profiles: API Request Failed: Request failed with status code 401
2024-07-09T06:56:22.034Z error: Error synchronizing profiles: API Request Failed: Request failed with status code 401
2024-07-09T06:59:13.049Z error: Error synchronizing profiles: API Request Failed: Request failed with status code 401
2024-07-09T07:02:16.984Z error: Error synchronizing profiles: API Request Failed: Request failed with status code 401
2024-07-09T07:04:26.636Z error: Error synchronizing profiles: API Request Failed: Request failed with status code 401
2024-07-09T07:05:59.211Z error: Error synchronizing profiles: API Request Failed: Request failed with status code 401
2024-07-09T07:06:36.861Z error: Error synchronizing profiles: API Request Failed: Request failed with status code 401
2024-07-09T07:07:36.988Z error: Error synchronizing profiles: API Request Failed: Request failed with status code 401
2024-07-09T07:10:10.902Z error: Error synchronizing profiles: API Request Failed: Request failed with status code 401
2024-07-09T07:12:14.805Z error: Error synchronizing profiles: Error getting OAuth token: Converting circular structure to JSON
    --> starting at object with constructor 'ClientRequest'
    |     property 'socket' -> object with constructor 'TLSSocket'
    --- property '_httpMessage' closes the circle
2024-07-09T07:13:42.885Z error: Error synchronizing profiles: API Request Failed: Request failed with status code 401
2024-07-09T07:16:58.282Z error: Error synchronizing profiles: API Request Failed: Request failed with status code 401
2024-07-09T07:20:43.773Z error: Error synchronizing profiles: API Request Failed: Request failed with status code 401
2024-07-09T07:28:50.987Z error: Error synchronizing profiles: API Request Failed: Request failed with status code 401
2024-07-09T07:30:06.339Z error: Error synchronizing profiles: API Request Failed: Request failed with status code 401
2024-07-09T07:33:00.326Z error: Error synchronizing profiles: Axios error: Request failed with status code 500
2024-07-09T07:33:22.750Z error: Error synchronizing profiles: Axios error: Request failed with status code 500
2024-07-09T07:37:17.743Z error: Error synchronizing profiles: Axios error: Request failed with status code 500
2024-07-09T07:37:54.533Z error: Error synchronizing profiles: Axios error: Request failed with status code 500
2024-07-09T07:41:35.519Z error: Error synchronizing profiles: Axios error: Request failed with status code 500
2024-07-09T07:42:10.050Z error: Error synchronizing profiles: API Request Failed: Request failed with status code 401
2024-07-09T07:42:49.861Z error: Error synchronizing profiles: API Request Failed: Request failed with status code 401
2024-07-09T07:44:37.590Z error: Error synchronizing profiles: API Request Failed: Request failed with status code 401
2024-07-09T07:45:24.669Z error: Error synchronizing profiles: API Request Failed: Request failed with status code 401
2024-07-09T07:48:42.150Z info: Profile already exists: Administrator (ID: 6342492000000026011)
2024-07-09T07:48:42.168Z info: Profile status added: Administrator (ID: 6342492000000026011)
2024-07-09T07:48:42.172Z info: Profile already exists: Standard (ID: 6342492000000026014)
2024-07-09T07:48:42.188Z info: Profile status added: Standard (ID: 6342492000000026014)
2024-07-09T09:34:54.168Z error: Error synchronizing profiles: API Request Failed: Request failed with status code 401
2024-07-09T09:36:06.448Z error: Error synchronizing profiles: API Request Failed: Request failed with status code 401
2024-07-09T09:38:33.610Z info: Profile already exists: Administrator (ID: 6342492000000026011)
2024-07-09T09:38:33.618Z info: Profile status added: Administrator (ID: 6342492000000026011)
2024-07-09T09:38:33.621Z info: Profile already exists: Standard (ID: 6342492000000026014)
2024-07-09T09:38:33.623Z info: Profile status added: Standard (ID: 6342492000000026014)
2024-07-10T08:15:49.759Z info: ProfileWebSocket server created
2024-07-10T08:18:08.127Z error: Error synchronizing profiles: API Request Failed: Request failed with status code 401
2024-07-10T08:18:15.186Z error: Error synchronizing profiles: API Request Failed: Request failed with status code 401
2024-07-10T08:20:43.672Z error: Error synchronizing profiles: API Request Failed: Request failed with status code 401
2024-07-10T08:21:43.519Z info: ProfileWebSocket server created
2024-07-10T08:21:51.876Z info: Profile already exists: Administrator (ID: 6342492000000026011)
2024-07-10T08:21:51.894Z info: Profile status added: Administrator (ID: 6342492000000026011)
2024-07-10T08:21:51.895Z info: WebSocket message sent for profile: Administrator (ID: 6342492000000026011)
2024-07-10T08:21:51.897Z info: Profile already exists: Standard (ID: 6342492000000026014)
2024-07-10T08:21:51.899Z info: Profile status added: Standard (ID: 6342492000000026014)
2024-07-10T08:21:51.900Z info: WebSocket message sent for profile: Standard (ID: 6342492000000026014)
2024-07-11T04:26:07.986Z info: ProfileWebSocket server created
2024-07-11T09:16:46.120Z info: ProfileWebSocket server created
2024-07-11T09:22:26.919Z error: Error synchronizing profiles: API Request Failed: Request failed with status code 401
2024-07-11T09:23:42.395Z info: ProfileWebSocket server created
2024-07-11T09:25:21.381Z error: Error processing profile 6342492000000026011: TypeError: Cannot read properties of undefined (reading 'length')
2024-07-11T09:25:21.385Z error: Error processing profile 6342492000000026014: TypeError: Cannot read properties of undefined (reading 'length')
2024-07-12T07:10:32.073Z info: ProfileWebSocket server created
2024-07-12T07:10:52.920Z info: Profile created: Administrator (ID: 6342492000000026011)
2024-07-12T07:10:52.930Z info: Profile status updated: Administrator (ID: 6342492000000026011) to status InProgress
2024-07-12T07:10:52.931Z info: WebSocket message sent for profile: Administrator (ID: 6342492000000026011)
2024-07-12T07:10:52.931Z info: Processing profile ID: 6342492000000026011
2024-07-12T07:10:52.936Z info: Profile status updated: Administrator (ID: 6342492000000026011) to status Completed
2024-07-12T07:10:52.936Z info: WebSocket message sent for profile: Administrator (ID: 6342492000000026011)
2024-07-12T07:10:52.936Z info: Profile processed successfully: ID 6342492000000026011
2024-07-12T07:10:52.936Z info: WebSocket message sent for profile: Administrator (ID: 6342492000000026011)
2024-07-12T07:10:52.939Z info: Profile created: Standard (ID: 6342492000000026014)
2024-07-12T07:10:52.943Z info: Profile status updated: Standard (ID: 6342492000000026014) to status InProgress
2024-07-12T07:10:52.943Z info: WebSocket message sent for profile: Standard (ID: 6342492000000026014)
2024-07-12T07:10:52.943Z info: Processing profile ID: 6342492000000026014
2024-07-12T07:10:52.947Z info: Profile status updated: Standard (ID: 6342492000000026014) to status Failed
2024-07-12T07:10:52.947Z info: WebSocket message sent for profile: Standard (ID: 6342492000000026014)
2024-07-12T07:10:52.950Z info: Retrying profile: ID 6342492000000026014, retry count: 1
2024-07-12T07:10:52.954Z info: Profile status updated: Standard (ID: 6342492000000026014) to status Retrying
2024-07-12T07:10:52.954Z info: WebSocket message sent for profile: Standard (ID: 6342492000000026014)
2024-07-12T07:10:52.954Z info: WebSocket message sent for profile: Standard (ID: 6342492000000026014)
2024-07-12T07:10:57.957Z info: Processing profile ID: 6342492000000026014
2024-07-12T07:10:57.969Z info: Profile status updated: Standard (ID: 6342492000000026014) to status Completed
2024-07-12T07:10:57.969Z info: WebSocket message sent for profile: Standard (ID: 6342492000000026014)
2024-07-12T07:10:57.970Z info: Profile processed successfully: ID 6342492000000026014
2024-07-16T05:30:34.229Z info: ProfileWebSocket server created
2024-07-16T05:31:00.705Z info: ProfileWebSocket server created
2024-07-16T06:01:24.286Z info: ProfileWebSocket server created
2024-07-16T06:04:59.801Z info: ProfileWebSocket server created
2024-07-16T06:07:00.969Z info: Profile already exists: Administrator (ID: 6342492000000026011)
2024-07-16T06:07:00.979Z info: Profile status updated: Administrator (ID: 6342492000000026011) to status InProgress
2024-07-16T06:07:00.979Z info: WebSocket message sent for profile: Administrator (ID: 6342492000000026011)
2024-07-16T06:07:00.980Z info: Processing profile ID: 6342492000000026011
2024-07-16T06:07:00.984Z info: Profile status updated: Administrator (ID: 6342492000000026011) to status Completed
2024-07-16T06:07:00.984Z info: WebSocket message sent for profile: Administrator (ID: 6342492000000026011)
2024-07-16T06:07:00.985Z info: Profile processed successfully: ID 6342492000000026011
2024-07-16T06:07:00.985Z info: WebSocket message sent for profile: Administrator (ID: 6342492000000026011)
2024-07-16T06:07:00.987Z info: Profile already exists: Standard (ID: 6342492000000026014)
2024-07-16T06:07:00.991Z info: Profile status updated: Standard (ID: 6342492000000026014) to status InProgress
2024-07-16T06:07:00.992Z info: WebSocket message sent for profile: Standard (ID: 6342492000000026014)
2024-07-16T06:07:00.992Z info: Processing profile ID: 6342492000000026014
2024-07-16T06:07:00.996Z info: Profile status updated: Standard (ID: 6342492000000026014) to status Failed
2024-07-16T06:07:00.996Z info: WebSocket message sent for profile: Standard (ID: 6342492000000026014)
2024-07-16T06:07:00.999Z info: Retrying profile: ID 6342492000000026014, retry count: 1
2024-07-16T06:07:01.002Z info: Profile status updated: Standard (ID: 6342492000000026014) to status Retrying
2024-07-16T06:07:01.002Z info: WebSocket message sent for profile: Standard (ID: 6342492000000026014)
2024-07-16T06:07:01.002Z info: WebSocket message sent for profile: Standard (ID: 6342492000000026014)
2024-07-16T06:07:06.004Z info: Processing profile ID: 6342492000000026014
2024-07-16T06:07:06.023Z info: Profile status updated: Standard (ID: 6342492000000026014) to status Completed
2024-07-16T06:07:06.024Z info: WebSocket message sent for profile: Standard (ID: 6342492000000026014)
2024-07-16T06:07:06.024Z info: Profile processed successfully: ID 6342492000000026014
2024-07-17T23:44:17.966Z info: ProfileWebSocket server created
2024-07-17T23:45:42.725Z info: Profile created: Administrator (ID: 6342492000000026011)
2024-07-17T23:45:42.733Z info: Profile status updated: Administrator (ID: 6342492000000026011) to status InProgress
2024-07-17T23:45:42.733Z info: WebSocket message sent for profile: Administrator (ID: 6342492000000026011)
2024-07-17T23:45:42.734Z info: Processing profile ID: 6342492000000026011
2024-07-17T23:45:42.744Z info: Profile status updated: Administrator (ID: 6342492000000026011) to status Completed
2024-07-17T23:45:42.745Z info: WebSocket message sent for profile: Administrator (ID: 6342492000000026011)
2024-07-17T23:45:42.745Z info: Profile processed successfully: ID 6342492000000026011
2024-07-17T23:45:42.745Z info: WebSocket message sent for profile: Administrator (ID: 6342492000000026011)
2024-07-17T23:45:42.748Z info: Profile created: Standard (ID: 6342492000000026014)
2024-07-17T23:45:42.751Z info: Profile status updated: Standard (ID: 6342492000000026014) to status InProgress
2024-07-17T23:45:42.751Z info: WebSocket message sent for profile: Standard (ID: 6342492000000026014)
2024-07-17T23:45:42.751Z info: Processing profile ID: 6342492000000026014
2024-07-17T23:45:42.758Z info: Profile status updated: Standard (ID: 6342492000000026014) to status Completed
2024-07-17T23:45:42.758Z info: WebSocket message sent for profile: Standard (ID: 6342492000000026014)
2024-07-17T23:45:42.758Z info: Profile processed successfully: ID 6342492000000026014
2024-07-17T23:45:42.758Z info: WebSocket message sent for profile: Standard (ID: 6342492000000026014)
2024-07-17T23:48:41.444Z info: Profile already exists: Administrator (ID: 6342492000000026011)
2024-07-17T23:48:41.461Z info: Profile status updated: Administrator (ID: 6342492000000026011) to status InProgress
2024-07-17T23:48:41.461Z info: WebSocket message sent for profile: Administrator (ID: 6342492000000026011)
2024-07-17T23:48:41.461Z info: Processing profile ID: 6342492000000026011
2024-07-17T23:48:41.465Z info: Profile status updated: Administrator (ID: 6342492000000026011) to status Completed
2024-07-17T23:48:41.465Z info: WebSocket message sent for profile: Administrator (ID: 6342492000000026011)
2024-07-17T23:48:41.465Z info: Profile processed successfully: ID 6342492000000026011
2024-07-17T23:48:41.465Z info: WebSocket message sent for profile: Administrator (ID: 6342492000000026011)
2024-07-17T23:48:41.467Z info: Profile already exists: Standard (ID: 6342492000000026014)
2024-07-17T23:48:41.470Z info: Profile status updated: Standard (ID: 6342492000000026014) to status InProgress
2024-07-17T23:48:41.470Z info: WebSocket message sent for profile: Standard (ID: 6342492000000026014)
2024-07-17T23:48:41.470Z info: Processing profile ID: 6342492000000026014
2024-07-17T23:48:41.475Z info: Profile status updated: Standard (ID: 6342492000000026014) to status Completed
2024-07-17T23:48:41.475Z info: WebSocket message sent for profile: Standard (ID: 6342492000000026014)
2024-07-17T23:48:41.475Z info: Profile processed successfully: ID 6342492000000026014
2024-07-17T23:48:41.475Z info: WebSocket message sent for profile: Standard (ID: 6342492000000026014)
2024-07-17T23:51:06.584Z info: Profile already exists: Administrator (ID: 6342492000000026011)
2024-07-17T23:51:06.600Z info: Profile status updated: Administrator (ID: 6342492000000026011) to status InProgress
2024-07-17T23:51:06.600Z info: WebSocket message sent for profile: Administrator (ID: 6342492000000026011)
2024-07-17T23:51:06.600Z info: Processing profile ID: 6342492000000026011
2024-07-17T23:51:06.605Z info: Profile status updated: Administrator (ID: 6342492000000026011) to status Completed
2024-07-17T23:51:06.605Z info: WebSocket message sent for profile: Administrator (ID: 6342492000000026011)
2024-07-17T23:51:06.605Z info: Profile processed successfully: ID 6342492000000026011
2024-07-17T23:51:06.605Z info: WebSocket message sent for profile: Administrator (ID: 6342492000000026011)
2024-07-17T23:51:06.607Z info: Profile already exists: Standard (ID: 6342492000000026014)
2024-07-17T23:51:06.615Z info: Profile status updated: Standard (ID: 6342492000000026014) to status InProgress
2024-07-17T23:51:06.616Z info: WebSocket message sent for profile: Standard (ID: 6342492000000026014)
2024-07-17T23:51:06.616Z info: Processing profile ID: 6342492000000026014
2024-07-17T23:51:06.619Z info: Profile status updated: Standard (ID: 6342492000000026014) to status Completed
2024-07-17T23:51:06.620Z info: WebSocket message sent for profile: Standard (ID: 6342492000000026014)
2024-07-17T23:51:06.620Z info: Profile processed successfully: ID 6342492000000026014
2024-07-17T23:51:06.620Z info: WebSocket message sent for profile: Standard (ID: 6342492000000026014)
2024-07-17T23:51:17.207Z error: Error deleting profile 6342492000000026011: QueryFailedError: update or delete on table "profile" violates foreign key constraint "FK_52ce35ee67931fc2443a4692622" on table "profile_status"
2024-07-17T23:51:17.207Z error: Error deleting profile: update or delete on table "profile" violates foreign key constraint "FK_52ce35ee67931fc2443a4692622" on table "profile_status"
2024-07-17T23:51:18.301Z error: Error deleting profile 6342492000000026011: QueryFailedError: update or delete on table "profile" violates foreign key constraint "FK_52ce35ee67931fc2443a4692622" on table "profile_status"
2024-07-17T23:51:18.301Z error: Error deleting profile: update or delete on table "profile" violates foreign key constraint "FK_52ce35ee67931fc2443a4692622" on table "profile_status"
2024-07-17T23:51:18.482Z error: Error deleting profile 6342492000000026011: QueryFailedError: update or delete on table "profile" violates foreign key constraint "FK_52ce35ee67931fc2443a4692622" on table "profile_status"
2024-07-17T23:51:18.482Z error: Error deleting profile: update or delete on table "profile" violates foreign key constraint "FK_52ce35ee67931fc2443a4692622" on table "profile_status"
2024-07-17T23:51:19.094Z error: Error deleting profile 6342492000000026011: QueryFailedError: update or delete on table "profile" violates foreign key constraint "FK_52ce35ee67931fc2443a4692622" on table "profile_status"
2024-07-17T23:51:19.094Z error: Error deleting profile: update or delete on table "profile" violates foreign key constraint "FK_52ce35ee67931fc2443a4692622" on table "profile_status"
2024-07-17T23:51:19.303Z error: Error deleting profile 6342492000000026011: QueryFailedError: update or delete on table "profile" violates foreign key constraint "FK_52ce35ee67931fc2443a4692622" on table "profile_status"
2024-07-17T23:51:19.303Z error: Error deleting profile: update or delete on table "profile" violates foreign key constraint "FK_52ce35ee67931fc2443a4692622" on table "profile_status"
2024-07-17T23:51:19.490Z error: Error deleting profile 6342492000000026011: QueryFailedError: update or delete on table "profile" violates foreign key constraint "FK_52ce35ee67931fc2443a4692622" on table "profile_status"
2024-07-17T23:51:19.491Z error: Error deleting profile: update or delete on table "profile" violates foreign key constraint "FK_52ce35ee67931fc2443a4692622" on table "profile_status"
2024-07-17T23:51:20.469Z error: Error deleting profile 6342492000000026011: QueryFailedError: update or delete on table "profile" violates foreign key constraint "FK_52ce35ee67931fc2443a4692622" on table "profile_status"
2024-07-17T23:51:20.469Z error: Error deleting profile: update or delete on table "profile" violates foreign key constraint "FK_52ce35ee67931fc2443a4692622" on table "profile_status"
2024-07-17T23:51:20.691Z error: Error deleting profile 6342492000000026011: QueryFailedError: update or delete on table "profile" violates foreign key constraint "FK_52ce35ee67931fc2443a4692622" on table "profile_status"
2024-07-17T23:51:20.691Z error: Error deleting profile: update or delete on table "profile" violates foreign key constraint "FK_52ce35ee67931fc2443a4692622" on table "profile_status"
2024-07-17T23:51:20.870Z error: Error deleting profile 6342492000000026011: QueryFailedError: update or delete on table "profile" violates foreign key constraint "FK_52ce35ee67931fc2443a4692622" on table "profile_status"
2024-07-17T23:51:20.870Z error: Error deleting profile: update or delete on table "profile" violates foreign key constraint "FK_52ce35ee67931fc2443a4692622" on table "profile_status"
2024-07-17T23:53:59.157Z info: Profile already exists: Administrator (ID: 6342492000000026011)
2024-07-17T23:53:59.175Z info: Profile status updated: Administrator (ID: 6342492000000026011) to status InProgress
2024-07-17T23:53:59.175Z info: WebSocket message sent for profile: Administrator (ID: 6342492000000026011)
2024-07-17T23:53:59.175Z info: Processing profile ID: 6342492000000026011
2024-07-17T23:53:59.180Z info: Profile status updated: Administrator (ID: 6342492000000026011) to status Completed
2024-07-17T23:53:59.180Z info: WebSocket message sent for profile: Administrator (ID: 6342492000000026011)
2024-07-17T23:53:59.180Z info: Profile processed successfully: ID 6342492000000026011
2024-07-17T23:53:59.180Z info: WebSocket message sent for profile: Administrator (ID: 6342492000000026011)
2024-07-17T23:53:59.182Z info: Profile already exists: Standard (ID: 6342492000000026014)
2024-07-17T23:53:59.186Z info: Profile status updated: Standard (ID: 6342492000000026014) to status InProgress
2024-07-17T23:53:59.186Z info: WebSocket message sent for profile: Standard (ID: 6342492000000026014)
2024-07-17T23:53:59.186Z info: Processing profile ID: 6342492000000026014
2024-07-17T23:53:59.189Z info: Profile status updated: Standard (ID: 6342492000000026014) to status Completed
2024-07-17T23:53:59.190Z info: WebSocket message sent for profile: Standard (ID: 6342492000000026014)
2024-07-17T23:53:59.190Z info: Profile processed successfully: ID 6342492000000026014
2024-07-17T23:53:59.190Z info: WebSocket message sent for profile: Standard (ID: 6342492000000026014)
2024-07-17T23:54:07.839Z error: Error deleting profile 6342492000000026011: QueryFailedError: update or delete on table "profile" violates foreign key constraint "FK_52ce35ee67931fc2443a4692622" on table "profile_status"
2024-07-17T23:54:07.839Z error: Error deleting profile: update or delete on table "profile" violates foreign key constraint "FK_52ce35ee67931fc2443a4692622" on table "profile_status"
2024-07-17T23:58:41.311Z error: Error deleting profile 6342492000000026011: QueryFailedError: update or delete on table "profile" violates foreign key constraint "FK_52ce35ee67931fc2443a4692622" on table "profile_status"
2024-07-17T23:58:41.311Z error: Error deleting profile: update or delete on table "profile" violates foreign key constraint "FK_52ce35ee67931fc2443a4692622" on table "profile_status"
2024-07-17T23:59:19.719Z error: Error deleting profile :6342492000000026011: Error: Profile not found
2024-07-17T23:59:19.719Z error: Error deleting profile: Profile not found
2024-07-17T23:59:29.855Z error: Error deleting profile 6342492000000026011: QueryFailedError: update or delete on table "profile" violates foreign key constraint "FK_52ce35ee67931fc2443a4692622" on table "profile_status"
2024-07-17T23:59:29.855Z error: Error deleting profile: update or delete on table "profile" violates foreign key constraint "FK_52ce35ee67931fc2443a4692622" on table "profile_status"
2024-07-18T00:00:32.691Z error: Error deleting profile 1: Error: Profile not found
2024-07-18T00:00:32.691Z error: Error deleting profile: Profile not found
2024-07-18T00:03:03.346Z error: Error deleting profile 6342492000000026011: QueryFailedError: update or delete on table "profile" violates foreign key constraint "FK_52ce35ee67931fc2443a4692622" on table "profile_status"
2024-07-18T00:03:03.346Z error: Error deleting profile: update or delete on table "profile" violates foreign key constraint "FK_52ce35ee67931fc2443a4692622" on table "profile_status"
2024-07-18T00:03:05.030Z error: Error deleting profile 6342492000000026011: QueryFailedError: update or delete on table "profile" violates foreign key constraint "FK_52ce35ee67931fc2443a4692622" on table "profile_status"
2024-07-18T00:03:05.030Z error: Error deleting profile: update or delete on table "profile" violates foreign key constraint "FK_52ce35ee67931fc2443a4692622" on table "profile_status"
2024-07-18T00:03:34.432Z error: Error deleting profile 6342492000000026011: QueryFailedError: update or delete on table "profile" violates foreign key constraint "FK_52ce35ee67931fc2443a4692622" on table "profile_status"
2024-07-18T00:03:34.432Z error: Error deleting profile: update or delete on table "profile" violates foreign key constraint "FK_52ce35ee67931fc2443a4692622" on table "profile_status"
2024-07-18T00:04:42.251Z error: Error deleting profile 6342492000000026011: QueryFailedError: update or delete on table "profile" violates foreign key constraint "FK_52ce35ee67931fc2443a4692622" on table "profile_status"
2024-07-18T00:04:42.251Z error: Error deleting profile: update or delete on table "profile" violates foreign key constraint "FK_52ce35ee67931fc2443a4692622" on table "profile_status"
2024-07-18T00:04:43.539Z error: Error deleting profile 6342492000000026011: QueryFailedError: update or delete on table "profile" violates foreign key constraint "FK_52ce35ee67931fc2443a4692622" on table "profile_status"
2024-07-18T00:04:43.539Z error: Error deleting profile: update or delete on table "profile" violates foreign key constraint "FK_52ce35ee67931fc2443a4692622" on table "profile_status"
2024-07-18T00:06:10.777Z error: Error deleting profile 1: Error: Profile not found
2024-07-18T00:06:10.777Z error: Error deleting profile: Profile not found
2024-07-18T00:06:23.046Z error: Error deleting profile 6342492000000026011: QueryFailedError: update or delete on table "profile" violates foreign key constraint "FK_52ce35ee67931fc2443a4692622" on table "profile_status"
2024-07-18T00:06:23.046Z error: Error deleting profile: update or delete on table "profile" violates foreign key constraint "FK_52ce35ee67931fc2443a4692622" on table "profile_status"
2024-07-18T00:20:02.964Z info: Profile already exists: Administrator (ID: 6342492000000026011)
2024-07-18T00:20:02.980Z info: Profile status updated: Administrator (ID: 6342492000000026011) to status InProgress
2024-07-18T00:20:02.980Z info: WebSocket message sent for profile: Administrator (ID: 6342492000000026011)
2024-07-18T00:20:02.981Z info: Processing profile ID: 6342492000000026011
2024-07-18T00:20:02.984Z info: Profile status updated: Administrator (ID: 6342492000000026011) to status Completed
2024-07-18T00:20:02.984Z info: WebSocket message sent for profile: Administrator (ID: 6342492000000026011)
2024-07-18T00:20:02.984Z info: Profile processed successfully: ID 6342492000000026011
2024-07-18T00:20:02.984Z info: WebSocket message sent for profile: Administrator (ID: 6342492000000026011)
2024-07-18T00:20:02.985Z info: Profile already exists: Standard (ID: 6342492000000026014)
2024-07-18T00:20:02.989Z info: Profile status updated: Standard (ID: 6342492000000026014) to status InProgress
2024-07-18T00:20:02.989Z info: WebSocket message sent for profile: Standard (ID: 6342492000000026014)
2024-07-18T00:20:02.989Z info: Processing profile ID: 6342492000000026014
2024-07-18T00:20:02.993Z info: Profile status updated: Standard (ID: 6342492000000026014) to status Completed
2024-07-18T00:20:02.993Z info: WebSocket message sent for profile: Standard (ID: 6342492000000026014)
2024-07-18T00:20:02.993Z info: Profile processed successfully: ID 6342492000000026014
2024-07-18T00:20:02.993Z info: WebSocket message sent for profile: Standard (ID: 6342492000000026014)
2024-07-18T00:20:06.178Z error: Error deleting profile 6342492000000026011: QueryFailedError: update or delete on table "profile" violates foreign key constraint "FK_52ce35ee67931fc2443a4692622" on table "profile_status"
2024-07-18T00:20:06.179Z error: Error deleting profile: update or delete on table "profile" violates foreign key constraint "FK_52ce35ee67931fc2443a4692622" on table "profile_status"
2024-07-18T00:20:07.264Z error: Error deleting profile 6342492000000026011: QueryFailedError: update or delete on table "profile" violates foreign key constraint "FK_52ce35ee67931fc2443a4692622" on table "profile_status"
2024-07-18T00:20:07.264Z error: Error deleting profile: update or delete on table "profile" violates foreign key constraint "FK_52ce35ee67931fc2443a4692622" on table "profile_status"
2024-07-18T00:20:07.460Z error: Error deleting profile 6342492000000026011: QueryFailedError: update or delete on table "profile" violates foreign key constraint "FK_52ce35ee67931fc2443a4692622" on table "profile_status"
2024-07-18T00:20:07.460Z error: Error deleting profile: update or delete on table "profile" violates foreign key constraint "FK_52ce35ee67931fc2443a4692622" on table "profile_status"
2024-07-18T00:20:07.677Z error: Error deleting profile 6342492000000026011: QueryFailedError: update or delete on table "profile" violates foreign key constraint "FK_52ce35ee67931fc2443a4692622" on table "profile_status"
2024-07-18T00:20:07.677Z error: Error deleting profile: update or delete on table "profile" violates foreign key constraint "FK_52ce35ee67931fc2443a4692622" on table "profile_status"
2024-07-18T00:20:07.891Z error: Error deleting profile 6342492000000026011: QueryFailedError: update or delete on table "profile" violates foreign key constraint "FK_52ce35ee67931fc2443a4692622" on table "profile_status"
2024-07-18T00:20:07.892Z error: Error deleting profile: update or delete on table "profile" violates foreign key constraint "FK_52ce35ee67931fc2443a4692622" on table "profile_status"
2024-07-18T00:20:08.108Z error: Error deleting profile 6342492000000026011: QueryFailedError: update or delete on table "profile" violates foreign key constraint "FK_52ce35ee67931fc2443a4692622" on table "profile_status"
2024-07-18T00:20:08.108Z error: Error deleting profile: update or delete on table "profile" violates foreign key constraint "FK_52ce35ee67931fc2443a4692622" on table "profile_status"
2024-07-18T00:20:08.297Z error: Error deleting profile 6342492000000026011: QueryFailedError: update or delete on table "profile" violates foreign key constraint "FK_52ce35ee67931fc2443a4692622" on table "profile_status"
2024-07-18T00:20:08.297Z error: Error deleting profile: update or delete on table "profile" violates foreign key constraint "FK_52ce35ee67931fc2443a4692622" on table "profile_status"
2024-07-18T00:20:08.504Z error: Error deleting profile 6342492000000026011: QueryFailedError: update or delete on table "profile" violates foreign key constraint "FK_52ce35ee67931fc2443a4692622" on table "profile_status"
2024-07-18T00:20:08.504Z error: Error deleting profile: update or delete on table "profile" violates foreign key constraint "FK_52ce35ee67931fc2443a4692622" on table "profile_status"
2024-07-18T00:20:08.724Z error: Error deleting profile 6342492000000026011: QueryFailedError: update or delete on table "profile" violates foreign key constraint "FK_52ce35ee67931fc2443a4692622" on table "profile_status"
2024-07-18T00:20:08.724Z error: Error deleting profile: update or delete on table "profile" violates foreign key constraint "FK_52ce35ee67931fc2443a4692622" on table "profile_status"
2024-07-18T00:20:08.898Z error: Error deleting profile 6342492000000026011: QueryFailedError: update or delete on table "profile" violates foreign key constraint "FK_52ce35ee67931fc2443a4692622" on table "profile_status"
2024-07-18T00:20:08.899Z error: Error deleting profile: update or delete on table "profile" violates foreign key constraint "FK_52ce35ee67931fc2443a4692622" on table "profile_status"
2024-07-18T00:20:10.484Z error: Error deleting profile 6342492000000026011: QueryFailedError: update or delete on table "profile" violates foreign key constraint "FK_52ce35ee67931fc2443a4692622" on table "profile_status"
2024-07-18T00:20:10.484Z error: Error deleting profile: update or delete on table "profile" violates foreign key constraint "FK_52ce35ee67931fc2443a4692622" on table "profile_status"
2024-07-18T00:20:10.694Z error: Error deleting profile 6342492000000026011: QueryFailedError: update or delete on table "profile" violates foreign key constraint "FK_52ce35ee67931fc2443a4692622" on table "profile_status"
2024-07-18T00:20:10.694Z error: Error deleting profile: update or delete on table "profile" violates foreign key constraint "FK_52ce35ee67931fc2443a4692622" on table "profile_status"
2024-07-18T00:20:10.925Z error: Error deleting profile 6342492000000026011: QueryFailedError: update or delete on table "profile" violates foreign key constraint "FK_52ce35ee67931fc2443a4692622" on table "profile_status"
2024-07-18T00:20:10.925Z error: Error deleting profile: update or delete on table "profile" violates foreign key constraint "FK_52ce35ee67931fc2443a4692622" on table "profile_status"
2024-07-18T00:20:11.132Z error: Error deleting profile 6342492000000026011: QueryFailedError: update or delete on table "profile" violates foreign key constraint "FK_52ce35ee67931fc2443a4692622" on table "profile_status"
2024-07-18T00:20:11.132Z error: Error deleting profile: update or delete on table "profile" violates foreign key constraint "FK_52ce35ee67931fc2443a4692622" on table "profile_status"
2024-07-18T00:20:11.350Z error: Error deleting profile 6342492000000026011: QueryFailedError: update or delete on table "profile" violates foreign key constraint "FK_52ce35ee67931fc2443a4692622" on table "profile_status"
2024-07-18T00:20:11.350Z error: Error deleting profile: update or delete on table "profile" violates foreign key constraint "FK_52ce35ee67931fc2443a4692622" on table "profile_status"
2024-07-18T00:20:11.530Z error: Error deleting profile 6342492000000026011: QueryFailedError: update or delete on table "profile" violates foreign key constraint "FK_52ce35ee67931fc2443a4692622" on table "profile_status"
2024-07-18T00:20:11.530Z error: Error deleting profile: update or delete on table "profile" violates foreign key constraint "FK_52ce35ee67931fc2443a4692622" on table "profile_status"
2024-07-18T00:22:05.715Z error: Error deleting profile 6342492000000026011: QueryFailedError: update or delete on table "profile" violates foreign key constraint "FK_52ce35ee67931fc2443a4692622" on table "profile_status"
2024-07-18T00:22:05.715Z error: Error deleting profile: update or delete on table "profile" violates foreign key constraint "FK_52ce35ee67931fc2443a4692622" on table "profile_status"
2024-07-18T00:22:14.768Z error: Error deleting profile 6342492000000026011: QueryFailedError: update or delete on table "profile" violates foreign key constraint "FK_52ce35ee67931fc2443a4692622" on table "profile_status"
2024-07-18T00:22:14.768Z error: Error deleting profile: update or delete on table "profile" violates foreign key constraint "FK_52ce35ee67931fc2443a4692622" on table "profile_status"
2024-07-18T00:22:15.955Z error: Error deleting profile 6342492000000026011: QueryFailedError: update or delete on table "profile" violates foreign key constraint "FK_52ce35ee67931fc2443a4692622" on table "profile_status"
2024-07-18T00:22:15.955Z error: Error deleting profile: update or delete on table "profile" violates foreign key constraint "FK_52ce35ee67931fc2443a4692622" on table "profile_status"
2024-07-18T00:23:02.714Z info: Profile already exists: Administrator (ID: 6342492000000026011)
2024-07-18T00:23:02.729Z info: Profile status updated: Administrator (ID: 6342492000000026011) to status InProgress
2024-07-18T00:23:02.729Z info: WebSocket message sent for profile: Administrator (ID: 6342492000000026011)
2024-07-18T00:23:02.729Z info: Processing profile ID: 6342492000000026011
2024-07-18T00:23:02.732Z info: Profile status updated: Administrator (ID: 6342492000000026011) to status Completed
2024-07-18T00:23:02.732Z info: WebSocket message sent for profile: Administrator (ID: 6342492000000026011)
2024-07-18T00:23:02.732Z info: Profile processed successfully: ID 6342492000000026011
2024-07-18T00:23:02.732Z info: WebSocket message sent for profile: Administrator (ID: 6342492000000026011)
2024-07-18T00:23:02.734Z info: Profile already exists: Standard (ID: 6342492000000026014)
2024-07-18T00:23:02.737Z info: Profile status updated: Standard (ID: 6342492000000026014) to status InProgress
2024-07-18T00:23:02.737Z info: WebSocket message sent for profile: Standard (ID: 6342492000000026014)
2024-07-18T00:23:02.737Z info: Processing profile ID: 6342492000000026014
2024-07-18T00:23:02.740Z info: Profile status updated: Standard (ID: 6342492000000026014) to status Completed
2024-07-18T00:23:02.740Z info: WebSocket message sent for profile: Standard (ID: 6342492000000026014)
2024-07-18T00:23:02.740Z info: Profile processed successfully: ID 6342492000000026014
2024-07-18T00:23:02.740Z info: WebSocket message sent for profile: Standard (ID: 6342492000000026014)
2024-07-18T00:23:04.926Z error: Error deleting profile 6342492000000026011: QueryFailedError: update or delete on table "profile" violates foreign key constraint "FK_52ce35ee67931fc2443a4692622" on table "profile_status"
2024-07-18T00:23:04.927Z error: Error deleting profile: update or delete on table "profile" violates foreign key constraint "FK_52ce35ee67931fc2443a4692622" on table "profile_status"
2024-07-18T00:29:21.550Z error: Error deleting profile 6342492000000026011: QueryFailedError: update or delete on table "profile" violates foreign key constraint "FK_52ce35ee67931fc2443a4692622" on table "profile_status"
2024-07-18T00:29:21.550Z error: Error deleting profile: update or delete on table "profile" violates foreign key constraint "FK_52ce35ee67931fc2443a4692622" on table "profile_status"
2024-07-18T00:29:22.645Z error: Error deleting profile 6342492000000026011: QueryFailedError: update or delete on table "profile" violates foreign key constraint "FK_52ce35ee67931fc2443a4692622" on table "profile_status"
2024-07-18T00:29:22.645Z error: Error deleting profile: update or delete on table "profile" violates foreign key constraint "FK_52ce35ee67931fc2443a4692622" on table "profile_status"
2024-07-18T00:29:23.820Z error: Error deleting profile 6342492000000026011: QueryFailedError: update or delete on table "profile" violates foreign key constraint "FK_52ce35ee67931fc2443a4692622" on table "profile_status"
2024-07-18T00:29:23.820Z error: Error deleting profile: update or delete on table "profile" violates foreign key constraint "FK_52ce35ee67931fc2443a4692622" on table "profile_status"
2024-07-18T00:29:25.042Z error: Error deleting profile 6342492000000026011: QueryFailedError: update or delete on table "profile" violates foreign key constraint "FK_52ce35ee67931fc2443a4692622" on table "profile_status"
2024-07-18T00:29:25.042Z error: Error deleting profile: update or delete on table "profile" violates foreign key constraint "FK_52ce35ee67931fc2443a4692622" on table "profile_status"
2024-07-18T00:29:37.226Z error: Error deleting profile 1: Error: Profile not found
2024-07-18T00:29:37.227Z error: Error deleting profile: Profile not found
2024-07-18T00:32:02.247Z error: Error deleting profile 1: Error: Profile not found
2024-07-18T00:32:02.247Z error: Error deleting profile: Profile not found
2024-07-18T00:32:09.066Z error: Error deleting profile 2: Error: Profile not found
2024-07-18T00:32:09.066Z error: Error deleting profile: Profile not found
2024-07-18T00:33:54.507Z error: Error deleting profile 1: Error: Profile not found
2024-07-18T00:33:54.508Z error: Error deleting profile: Profile not found
2024-07-18T00:35:13.749Z error: Error deleting profile 1: Error: Profile not found
2024-07-18T00:35:13.749Z error: Error deleting profile: Profile not found
2024-07-18T00:35:22.677Z error: Error deleting profile 2: Error: Profile not found
2024-07-18T00:35:22.677Z error: Error deleting profile: Profile not found
2024-07-18T00:39:02.148Z info: Profile status deleted: ID 2
2024-07-18T00:48:05.705Z info: ProfileWebSocket server created
2024-07-18T00:50:00.601Z info: ProfileWebSocket server created
2024-07-18T00:50:12.716Z error: Error deleting profile status 6342492000000026000: QueryFailedError: value "6342492000000026000" is out of range for type integer
2024-07-18T00:50:12.716Z error: Error deleting profile status: value "6342492000000026000" is out of range for type integer
2024-07-18T00:50:34.756Z error: Error deleting profile status 6342492000000026000: QueryFailedError: value "6342492000000026000" is out of range for type integer
2024-07-18T00:50:34.756Z error: Error deleting profile status: value "6342492000000026000" is out of range for type integer
2024-07-18T00:50:34.929Z error: Error deleting profile status 6342492000000026000: QueryFailedError: value "6342492000000026000" is out of range for type integer
2024-07-18T00:50:34.930Z error: Error deleting profile status: value "6342492000000026000" is out of range for type integer
2024-07-18T00:50:35.573Z error: Error deleting profile status 6342492000000026000: QueryFailedError: value "6342492000000026000" is out of range for type integer
2024-07-18T00:50:35.573Z error: Error deleting profile status: value "6342492000000026000" is out of range for type integer
2024-07-18T00:50:35.764Z error: Error deleting profile status 6342492000000026000: QueryFailedError: value "6342492000000026000" is out of range for type integer
2024-07-18T00:50:35.764Z error: Error deleting profile status: value "6342492000000026000" is out of range for type integer
2024-07-18T00:50:35.947Z error: Error deleting profile status 6342492000000026000: QueryFailedError: value "6342492000000026000" is out of range for type integer
2024-07-18T00:50:35.948Z error: Error deleting profile status: value "6342492000000026000" is out of range for type integer
2024-07-18T00:50:36.110Z error: Error deleting profile status 6342492000000026000: QueryFailedError: value "6342492000000026000" is out of range for type integer
2024-07-18T00:50:36.110Z error: Error deleting profile status: value "6342492000000026000" is out of range for type integer
2024-07-18T00:50:37.302Z error: Error deleting profile status 6342492000000026000: QueryFailedError: value "6342492000000026000" is out of range for type integer
2024-07-18T00:50:37.302Z error: Error deleting profile status: value "6342492000000026000" is out of range for type integer
2024-07-18T00:50:37.483Z error: Error deleting profile status 6342492000000026000: QueryFailedError: value "6342492000000026000" is out of range for type integer
2024-07-18T00:50:37.484Z error: Error deleting profile status: value "6342492000000026000" is out of range for type integer
2024-07-18T00:50:37.674Z error: Error deleting profile status 6342492000000026000: QueryFailedError: value "6342492000000026000" is out of range for type integer
2024-07-18T00:50:37.675Z error: Error deleting profile status: value "6342492000000026000" is out of range for type integer
2024-07-18T00:50:37.865Z error: Error deleting profile status 6342492000000026000: QueryFailedError: value "6342492000000026000" is out of range for type integer
2024-07-18T00:50:37.865Z error: Error deleting profile status: value "6342492000000026000" is out of range for type integer
2024-07-18T00:50:38.066Z error: Error deleting profile status 6342492000000026000: QueryFailedError: value "6342492000000026000" is out of range for type integer
2024-07-18T00:50:38.067Z error: Error deleting profile status: value "6342492000000026000" is out of range for type integer
2024-07-18T00:50:38.265Z error: Error deleting profile status 6342492000000026000: QueryFailedError: value "6342492000000026000" is out of range for type integer
2024-07-18T00:50:38.265Z error: Error deleting profile status: value "6342492000000026000" is out of range for type integer
2024-07-18T00:50:38.446Z error: Error deleting profile status 6342492000000026000: QueryFailedError: value "6342492000000026000" is out of range for type integer
2024-07-18T00:50:38.447Z error: Error deleting profile status: value "6342492000000026000" is out of range for type integer
2024-07-18T00:50:47.218Z error: Error deleting profile status 2: Error: Profile status not found
2024-07-18T00:50:47.218Z error: Error deleting profile status: Profile status not found
2024-07-18T00:50:49.766Z error: Error deleting profile status 2: Error: Profile status not found
2024-07-18T00:50:49.767Z error: Error deleting profile status: Profile status not found
2024-07-18T00:50:51.145Z error: Error deleting profile status 2: Error: Profile status not found
2024-07-18T00:50:51.145Z error: Error deleting profile status: Profile status not found
2024-07-18T00:50:53.056Z error: Error deleting profile status 2: Error: Profile status not found
2024-07-18T00:50:53.056Z error: Error deleting profile status: Profile status not found
2024-07-18T00:51:00.061Z info: Profile status deleted: ID 1
2024-07-18T00:51:20.683Z info: Profile deleted: Administrator (ID: 6342492000000026011)
2024-07-18T00:51:33.510Z error: Error deleting profile status 6342492000000026000: QueryFailedError: value "6342492000000026000" is out of range for type integer
2024-07-18T00:51:33.511Z error: Error deleting profile status: value "6342492000000026000" is out of range for type integer
2024-07-18T00:51:34.345Z error: Error deleting profile status 6342492000000026000: QueryFailedError: value "6342492000000026000" is out of range for type integer
2024-07-18T00:51:34.345Z error: Error deleting profile status: value "6342492000000026000" is out of range for type integer
2024-07-18T00:51:34.536Z error: Error deleting profile status 6342492000000026000: QueryFailedError: value "6342492000000026000" is out of range for type integer
2024-07-18T00:51:34.536Z error: Error deleting profile status: value "6342492000000026000" is out of range for type integer
2024-07-18T00:52:12.369Z info: Profile created: Administrator (ID: 6342492000000026011)
2024-07-18T00:52:12.382Z info: Profile status updated: Administrator (ID: 6342492000000026011) to status InProgress
2024-07-18T00:52:12.382Z info: WebSocket message sent for profile: Administrator (ID: 6342492000000026011)
2024-07-18T00:52:12.382Z info: Processing profile ID: 6342492000000026011
2024-07-18T00:52:12.387Z info: Profile status updated: Administrator (ID: 6342492000000026011) to status Completed
2024-07-18T00:52:12.387Z info: WebSocket message sent for profile: Administrator (ID: 6342492000000026011)
2024-07-18T00:52:12.388Z info: Profile processed successfully: ID 6342492000000026011
2024-07-18T00:52:12.388Z info: WebSocket message sent for profile: Administrator (ID: 6342492000000026011)
2024-07-18T00:52:12.390Z info: Profile already exists: Standard (ID: 6342492000000026014)
2024-07-18T00:52:12.393Z info: Profile status updated: Standard (ID: 6342492000000026014) to status InProgress
2024-07-18T00:52:12.393Z info: WebSocket message sent for profile: Standard (ID: 6342492000000026014)
2024-07-18T00:52:12.394Z info: Processing profile ID: 6342492000000026014
2024-07-18T00:52:12.397Z info: Profile status updated: Standard (ID: 6342492000000026014) to status Completed
2024-07-18T00:52:12.398Z info: WebSocket message sent for profile: Standard (ID: 6342492000000026014)
2024-07-18T00:52:12.398Z info: Profile processed successfully: ID 6342492000000026014
2024-07-18T00:52:12.398Z info: WebSocket message sent for profile: Standard (ID: 6342492000000026014)
2024-07-18T00:52:17.268Z error: Error deleting profile 6342492000000026000: QueryFailedError: value "6342492000000026000" is out of range for type integer
2024-07-18T00:52:17.268Z error: Error deleting profile: value "6342492000000026000" is out of range for type integer
2024-07-18T00:52:22.475Z error: Error deleting profile 6342492000000026000: QueryFailedError: value "6342492000000026000" is out of range for type integer
2024-07-18T00:52:22.475Z error: Error deleting profile: value "6342492000000026000" is out of range for type integer
2024-07-18T00:52:22.652Z error: Error deleting profile 6342492000000026000: QueryFailedError: value "6342492000000026000" is out of range for type integer
2024-07-18T00:52:22.652Z error: Error deleting profile: value "6342492000000026000" is out of range for type integer
2024-07-18T00:52:22.829Z error: Error deleting profile 6342492000000026000: QueryFailedError: value "6342492000000026000" is out of range for type integer
2024-07-18T00:52:22.829Z error: Error deleting profile: value "6342492000000026000" is out of range for type integer
2024-07-18T00:52:23.014Z error: Error deleting profile 6342492000000026000: QueryFailedError: value "6342492000000026000" is out of range for type integer
2024-07-18T00:52:23.015Z error: Error deleting profile: value "6342492000000026000" is out of range for type integer
2024-07-18T00:52:24.079Z error: Error deleting profile 6342492000000026000: QueryFailedError: value "6342492000000026000" is out of range for type integer
2024-07-18T00:52:24.079Z error: Error deleting profile: value "6342492000000026000" is out of range for type integer
2024-07-18T00:52:24.256Z error: Error deleting profile 6342492000000026000: QueryFailedError: value "6342492000000026000" is out of range for type integer
2024-07-18T00:52:24.257Z error: Error deleting profile: value "6342492000000026000" is out of range for type integer
2024-07-18T00:52:24.948Z error: Error deleting profile 6342492000000026000: QueryFailedError: value "6342492000000026000" is out of range for type integer
2024-07-18T00:52:24.949Z error: Error deleting profile: value "6342492000000026000" is out of range for type integer
2024-07-18T00:52:25.125Z error: Error deleting profile 6342492000000026000: QueryFailedError: value "6342492000000026000" is out of range for type integer
2024-07-18T00:52:25.126Z error: Error deleting profile: value "6342492000000026000" is out of range for type integer
2024-07-18T00:52:25.298Z error: Error deleting profile 6342492000000026000: QueryFailedError: value "6342492000000026000" is out of range for type integer
2024-07-18T00:52:25.299Z error: Error deleting profile: value "6342492000000026000" is out of range for type integer
2024-07-18T00:52:25.509Z error: Error deleting profile 6342492000000026000: QueryFailedError: value "6342492000000026000" is out of range for type integer
2024-07-18T00:52:25.509Z error: Error deleting profile: value "6342492000000026000" is out of range for type integer
2024-07-18T00:52:25.692Z error: Error deleting profile 6342492000000026000: QueryFailedError: value "6342492000000026000" is out of range for type integer
2024-07-18T00:52:25.692Z error: Error deleting profile: value "6342492000000026000" is out of range for type integer
2024-07-18T00:52:25.877Z error: Error deleting profile 6342492000000026000: QueryFailedError: value "6342492000000026000" is out of range for type integer
2024-07-18T00:52:25.877Z error: Error deleting profile: value "6342492000000026000" is out of range for type integer
2024-07-18T00:52:26.065Z error: Error deleting profile 6342492000000026000: QueryFailedError: value "6342492000000026000" is out of range for type integer
2024-07-18T00:52:26.065Z error: Error deleting profile: value "6342492000000026000" is out of range for type integer
2024-07-18T00:52:26.248Z error: Error deleting profile 6342492000000026000: QueryFailedError: value "6342492000000026000" is out of range for type integer
2024-07-18T00:52:26.248Z error: Error deleting profile: value "6342492000000026000" is out of range for type integer
2024-07-18T00:52:27.549Z error: Error deleting profile 6342492000000026000: QueryFailedError: value "6342492000000026000" is out of range for type integer
2024-07-18T00:52:27.549Z error: Error deleting profile: value "6342492000000026000" is out of range for type integer
2024-07-18T00:52:27.726Z error: Error deleting profile 6342492000000026000: QueryFailedError: value "6342492000000026000" is out of range for type integer
2024-07-18T00:52:27.726Z error: Error deleting profile: value "6342492000000026000" is out of range for type integer
2024-07-18T00:52:27.937Z error: Error deleting profile 6342492000000026000: QueryFailedError: value "6342492000000026000" is out of range for type integer
2024-07-18T00:52:27.938Z error: Error deleting profile: value "6342492000000026000" is out of range for type integer
2024-07-18T00:52:28.141Z error: Error deleting profile 6342492000000026000: QueryFailedError: value "6342492000000026000" is out of range for type integer
2024-07-18T00:52:28.141Z error: Error deleting profile: value "6342492000000026000" is out of range for type integer
2024-07-18T00:52:28.379Z error: Error deleting profile 6342492000000026000: QueryFailedError: value "6342492000000026000" is out of range for type integer
2024-07-18T00:52:28.379Z error: Error deleting profile: value "6342492000000026000" is out of range for type integer
2024-07-18T00:52:28.581Z error: Error deleting profile 6342492000000026000: QueryFailedError: value "6342492000000026000" is out of range for type integer
2024-07-18T00:52:28.581Z error: Error deleting profile: value "6342492000000026000" is out of range for type integer
2024-07-18T00:52:28.791Z error: Error deleting profile 6342492000000026000: QueryFailedError: value "6342492000000026000" is out of range for type integer
2024-07-18T00:52:28.791Z error: Error deleting profile: value "6342492000000026000" is out of range for type integer
2024-07-18T00:52:29.008Z error: Error deleting profile 6342492000000026000: QueryFailedError: value "6342492000000026000" is out of range for type integer
2024-07-18T00:52:29.008Z error: Error deleting profile: value "6342492000000026000" is out of range for type integer
2024-07-18T00:52:29.211Z error: Error deleting profile 6342492000000026000: QueryFailedError: value "6342492000000026000" is out of range for type integer
2024-07-18T00:52:29.211Z error: Error deleting profile: value "6342492000000026000" is out of range for type integer
2024-07-18T00:52:29.415Z error: Error deleting profile 6342492000000026000: QueryFailedError: value "6342492000000026000" is out of range for type integer
2024-07-18T00:52:29.415Z error: Error deleting profile: value "6342492000000026000" is out of range for type integer
2024-07-18T00:52:29.631Z error: Error deleting profile 6342492000000026000: QueryFailedError: value "6342492000000026000" is out of range for type integer
2024-07-18T00:52:29.631Z error: Error deleting profile: value "6342492000000026000" is out of range for type integer
2024-07-18T00:52:29.839Z error: Error deleting profile 6342492000000026000: QueryFailedError: value "6342492000000026000" is out of range for type integer
2024-07-18T00:52:29.840Z error: Error deleting profile: value "6342492000000026000" is out of range for type integer
2024-07-18T00:52:30.047Z error: Error deleting profile 6342492000000026000: QueryFailedError: value "6342492000000026000" is out of range for type integer
2024-07-18T00:52:30.048Z error: Error deleting profile: value "6342492000000026000" is out of range for type integer
2024-07-18T00:52:30.244Z error: Error deleting profile 6342492000000026000: QueryFailedError: value "6342492000000026000" is out of range for type integer
2024-07-18T00:52:30.244Z error: Error deleting profile: value "6342492000000026000" is out of range for type integer
2024-07-18T00:52:30.427Z error: Error deleting profile 6342492000000026000: QueryFailedError: value "6342492000000026000" is out of range for type integer
2024-07-18T00:52:30.427Z error: Error deleting profile: value "6342492000000026000" is out of range for type integer
2024-07-18T00:56:31.164Z info: Profile deleted: Standard (ID: 6342492000000026014)
2024-07-18T00:56:40.789Z info: Profile already exists: Administrator (ID: 6342492000000026011)
2024-07-18T00:56:40.799Z info: Profile status updated: Administrator (ID: 6342492000000026011) to status InProgress
2024-07-18T00:56:40.800Z info: WebSocket message sent for profile: Administrator (ID: 6342492000000026011)
2024-07-18T00:56:40.800Z info: Processing profile ID: 6342492000000026011
2024-07-18T00:56:40.809Z info: Profile status updated: Administrator (ID: 6342492000000026011) to status Completed
2024-07-18T00:56:40.810Z info: WebSocket message sent for profile: Administrator (ID: 6342492000000026011)
2024-07-18T00:56:40.810Z info: Profile processed successfully: ID 6342492000000026011
2024-07-18T00:56:40.810Z info: WebSocket message sent for profile: Administrator (ID: 6342492000000026011)
2024-07-18T00:56:40.815Z info: Profile created: Standard (ID: 6342492000000026014)
2024-07-18T00:56:40.819Z info: Profile status updated: Standard (ID: 6342492000000026014) to status InProgress
2024-07-18T00:56:40.819Z info: WebSocket message sent for profile: Standard (ID: 6342492000000026014)
2024-07-18T00:56:40.819Z info: Processing profile ID: 6342492000000026014
2024-07-18T00:56:40.822Z info: Profile status updated: Standard (ID: 6342492000000026014) to status Failed
2024-07-18T00:56:40.823Z info: WebSocket message sent for profile: Standard (ID: 6342492000000026014)
2024-07-18T00:56:40.826Z info: Retrying profile: ID 6342492000000026014, retry count: 1
2024-07-18T00:56:40.830Z info: Profile status updated: Standard (ID: 6342492000000026014) to status Retrying
2024-07-18T00:56:40.830Z info: WebSocket message sent for profile: Standard (ID: 6342492000000026014)
2024-07-18T00:56:40.830Z info: WebSocket message sent for profile: Standard (ID: 6342492000000026014)
2024-07-18T00:56:43.207Z info: Profile deleted: Administrator (ID: 6342492000000026011)
2024-07-18T00:56:45.831Z info: Processing profile ID: 6342492000000026014
2024-07-18T00:56:45.844Z info: Profile status updated: Standard (ID: 6342492000000026014) to status Completed
2024-07-18T00:56:45.844Z info: WebSocket message sent for profile: Standard (ID: 6342492000000026014)
2024-07-18T00:56:45.844Z info: Profile processed successfully: ID 6342492000000026014
